C:\Program Files (x86)\Microsoft Visual Studio\2019\Community\MSBuild\Microsoft\VC\v160\Microsoft.CppBuild.targets(499,5): warning MSB8004: Output Directory does not end with a trailing slash.  This build instance will add the slash as it is required to allow proper evaluation of the Output Directory.
  BitmapUtil.cpp
  ImageProcessingToolsWrapper.cpp
  .NETFramework,Version=v4.8.AssemblyAttributes.cpp
  Generating Code...
F:\Nampc\ComputerVision\APP_DIP_Cpp\All_Projects\External\opencv430\include\opencv2\core\mat.inl.hpp(545): warning C4793: 'cv::Mat::Mat': function compiled as native:
  	Found an intrinsic not supported in managed code
F:\Nampc\ComputerVision\APP_DIP_Cpp\All_Projects\External\opencv430\include\opencv2\core\mat.inl.hpp(865): warning C4793: 'cv::Mat::release': function compiled as native:
  	Found an intrinsic not supported in managed code
F:\Nampc\ComputerVision\APP_DIP_Cpp\All_Projects\External\opencv430\include\opencv2\core\mat.inl.hpp(2204): warning C4793: 'cv::SparseMat::addref': function compiled as native:
  	Found an intrinsic not supported in managed code
F:\Nampc\ComputerVision\APP_DIP_Cpp\All_Projects\External\opencv430\include\opencv2\core\mat.inl.hpp(3807): warning C4793: 'cv::UMat::addref': function compiled as native:
  	Found an intrinsic not supported in managed code
F:\Nampc\ComputerVision\APP_DIP_Cpp\All_Projects\External\opencv430\include\opencv2\core\mat.inl.hpp(545): warning C4793: 'cv::Mat::Mat': function compiled as native:
  	Found an intrinsic not supported in managed code
F:\Nampc\ComputerVision\APP_DIP_Cpp\All_Projects\External\opencv430\include\opencv2\core\mat.inl.hpp(865): warning C4793: 'cv::Mat::release': function compiled as native:
  	Found an intrinsic not supported in managed code
F:\Nampc\ComputerVision\APP_DIP_Cpp\All_Projects\External\opencv430\include\opencv2\core\mat.inl.hpp(2204): warning C4793: 'cv::SparseMat::addref': function compiled as native:
  	Found an intrinsic not supported in managed code
F:\Nampc\ComputerVision\APP_DIP_Cpp\All_Projects\External\opencv430\include\opencv2\core\mat.inl.hpp(3807): warning C4793: 'cv::UMat::addref': function compiled as native:
  	Found an intrinsic not supported in managed code
  BitmapUtil.obj : MSIL module encountered; incremental linking is disabled for MSIL; performing full link
     Creating library F:\Nampc\ComputerVision\APP_DIP_Cpp\All_Projects\NpcLibraries\Bin\CvToolWrapper.lib and object F:\Nampc\ComputerVision\APP_DIP_Cpp\All_Projects\NpcLibraries\Bin\CvToolWrapper.exp
  CvToolWrapper.vcxproj -> F:\Nampc\ComputerVision\APP_DIP_Cpp\All_Projects\NpcLibraries\Bin\CvToolWrapper.dll
